<?xml version="1.0" encoding="UTF-8"?><testsuite name="nosetests" tests="24" errors="0" failures="0" skip="0"><testcase classname="tests.cache.CacheTests" name="test_caching_enabled" time="0.000"></testcase><testcase classname="tests.cache.CacheTests" name="test_get_notcached" time="0.000"></testcase><testcase classname="tests.cache.CacheTests" name="test_remove" time="0.000"></testcase><testcase classname="tests.cache.CacheTests" name="test_remove_for_all_users" time="0.001"></testcase><testcase classname="tests.cache.CacheTests" name="test_remove_for_users" time="0.001"></testcase><testcase classname="tests.cache.CacheTests" name="test_set" time="0.000"></testcase><testcase classname="tests.cache.CacheTests" name="test_stats_name" time="0.000"></testcase><testcase classname="tests.compress.CompressTests" name="test_compress" time="0.002"></testcase><testcase classname="tests.database.DBAddressTests" name="test_address" time="0.000"></testcase><testcase classname="tests.database.DBObjectTests" name="test_attr_access" time="0.000"></testcase><testcase classname="tests.database.DBObjectTests" name="test_unknown_attr" time="0.000"></testcase><testcase classname="tests.database.DBTests" name="test_create_db" time="0.015"></testcase><testcase classname="tests.database.DBTests" name="test_doom" time="0.008"></testcase><testcase classname="tests.database.DBTests" name="test_imports" time="0.000"></testcase><testcase classname="tests.database.DBTests" name="test_lists" time="0.006"></testcase><testcase classname="tests.database.DBTests" name="test_rollback" time="0.007"></testcase><testcase classname="tests.database.DBTests" name="test_stats" time="0.006"></testcase><testcase classname="tests.database.DBTests" name="test_storage_sanity" time="0.012"></testcase><testcase classname="tests.database.IndexedMappingTests" name="test_sanity" time="0.000"></testcase><testcase classname="tests.datalayer.UserTests" name="test_api_tokens" time="0.000"></testcase><testcase classname="tests.datalayer.UserTests" name="test_create" time="0.000"></testcase><testcase classname="tests.datalayer.UserTests" name="test_eq" time="0.000"></testcase><testcase classname="tests.format.FormatTests" name="test_sanity" time="0.029"></testcase><testcase classname="tests.pageable.ValidatePageTests" name="test_validation" time="0.002"></testcase></testsuite>